TN:
SF:src/application/Errors/NotFound.js
FN:2,(anonymous_0)
FNF:1
FNH:1
FNDA:6,(anonymous_0)
DA:3,6
LF:1
LH:1
BRF:0
BRH:0
end_of_record
TN:
SF:src/application/repositories/TodoRepository.js
FN:3,(anonymous_0)
FN:7,(anonymous_1)
FN:11,(anonymous_2)
FN:15,(anonymous_3)
FN:19,(anonymous_4)
FNF:5
FNH:5
FNDA:1,(anonymous_0)
FNDA:1,(anonymous_1)
FNDA:1,(anonymous_2)
FNDA:1,(anonymous_3)
FNDA:1,(anonymous_4)
DA:4,1
DA:8,1
DA:12,1
DA:16,1
DA:20,1
DA:24,3
LF:6
LH:6
BRF:0
BRH:0
end_of_record
TN:
SF:src/application/useCases/todo/CreateTodoUseCase.js
FN:4,(anonymous_0)
FN:8,(anonymous_1)
FNF:2
FNH:2
FNDA:2,(anonymous_0)
FNDA:2,(anonymous_1)
DA:5,2
DA:9,2
DA:10,2
LF:3
LH:3
BRF:0
BRH:0
end_of_record
TN:
SF:src/application/useCases/todo/DestroyTodoUseCase.js
FN:4,(anonymous_0)
FN:8,(anonymous_1)
FNF:2
FNH:2
FNDA:2,(anonymous_0)
FNDA:2,(anonymous_1)
DA:5,2
DA:9,2
DA:11,2
DA:12,1
LF:4
LH:4
BRDA:11,0,0,1
BRDA:11,0,1,1
BRF:2
BRH:2
end_of_record
TN:
SF:src/application/useCases/todo/GetTodoUseCase.js
FN:4,(anonymous_0)
FN:8,(anonymous_1)
FNF:2
FNH:2
FNDA:2,(anonymous_0)
FNDA:2,(anonymous_1)
DA:5,2
DA:9,2
DA:11,2
DA:12,1
DA:15,1
LF:5
LH:5
BRDA:11,0,0,1
BRDA:11,0,1,1
BRF:2
BRH:2
end_of_record
TN:
SF:src/application/useCases/todo/ListTodoUseCase.js
FN:2,(anonymous_0)
FN:6,(anonymous_1)
FNF:2
FNH:2
FNDA:1,(anonymous_0)
FNDA:1,(anonymous_1)
DA:3,1
DA:7,1
LF:2
LH:2
BRF:0
BRH:0
end_of_record
TN:
SF:src/application/useCases/todo/UpdateTodoUseCase.js
FN:5,(anonymous_0)
FN:9,(anonymous_1)
FNF:2
FNH:2
FNDA:2,(anonymous_0)
FNDA:2,(anonymous_1)
DA:6,2
DA:10,2
DA:11,2
DA:13,2
DA:14,1
DA:17,1
LF:6
LH:6
BRDA:13,0,0,1
BRDA:13,0,1,1
BRF:2
BRH:2
end_of_record
TN:
SF:src/domain/entities/Todo.js
FN:3,(anonymous_0)
FN:10,(anonymous_1)
FN:15,(anonymous_2)
FN:20,(anonymous_3)
FN:25,(anonymous_4)
FNF:5
FNH:5
FNDA:11,(anonymous_0)
FNDA:5,(anonymous_1)
FNDA:5,(anonymous_2)
FNDA:7,(anonymous_3)
FNDA:10,(anonymous_4)
DA:4,11
DA:5,11
DA:6,11
DA:7,11
DA:11,5
DA:12,3
DA:16,5
DA:17,3
DA:21,7
DA:22,7
DA:26,10
DA:27,4
LF:12
LH:12
BRDA:26,0,0,4
BRDA:26,0,1,6
BRDA:26,1,0,10
BRDA:26,1,1,6
BRF:4
BRH:4
end_of_record
TN:
SF:src/infrastructure/database/mongoose/models/TodoModel.js
FNF:0
FNH:0
DA:3,2
DA:21,2
DA:22,2
LF:3
LH:3
BRF:0
BRH:0
end_of_record
TN:
SF:src/infrastructure/repositories/TodoRepositoryMongo.js
FN:6,(anonymous_0)
FN:11,(anonymous_1)
FN:15,(anonymous_2)
FN:19,(anonymous_3)
FN:23,(anonymous_4)
FNF:5
FNH:5
FNDA:2,(anonymous_0)
FNDA:1,(anonymous_1)
FNDA:1,(anonymous_2)
FNDA:1,(anonymous_3)
FNDA:1,(anonymous_4)
DA:7,2
DA:8,2
DA:12,1
DA:16,1
DA:20,1
DA:24,1
DA:28,2
LF:7
LH:7
BRDA:7,0,0,2
BRDA:7,0,1,2
BRF:2
BRH:2
end_of_record
TN:
SF:src/interfaces/controllers/TodoController.js
FN:17,index
FN:28,create
FN:38,findById
FN:52,destroy
FN:66,update
FNF:5
FNH:5
FNDA:2,index
FNDA:2,create
FNDA:3,findById
FNDA:3,destroy
FNDA:3,update
DA:18,2
DA:19,2
DA:20,2
DA:21,2
DA:22,1
DA:24,1
DA:29,2
DA:30,2
DA:31,2
DA:32,1
DA:34,1
DA:39,3
DA:40,3
DA:41,3
DA:42,1
DA:44,2
DA:45,1
DA:48,1
DA:53,3
DA:54,3
DA:55,3
DA:56,1
DA:58,2
DA:59,1
DA:62,1
DA:67,3
DA:68,3
DA:69,3
DA:70,1
DA:72,2
DA:73,1
DA:76,1
LF:32
LH:32
BRDA:44,0,0,1
BRDA:44,0,1,1
BRDA:58,1,0,1
BRDA:58,1,1,1
BRDA:72,2,0,1
BRDA:72,2,1,1
BRF:6
BRH:6
end_of_record
